<?xml version="1.0" encoding="UTF-8"?>
<!-- Generated by org.testng.reporters.JUnitReportReporter -->
<testsuite hostname="lin51011585" failures="0" tests="2" name="Academy.HomePage" time="10.385" errors="0" timestamp="14 Feb 2022 14:50:48 GMT">
  <testcase classname="Academy.HomePage" name="basePageNavigation" time="4.850"/>
  <testcase classname="Academy.HomePage" name="basePageNavigation" time="5.535"/>
</testsuite> <!-- Academy.HomePage -->
